<?xml version="1.0" encoding="UTF-8"?>
<!-- Generated by org.testng.reporters.JUnitReportReporter -->
<testsuite skipped="0" hostname="WKWIN9666763" name="com.sapient.qa.cats.core.selenium.testng.test.scenario.SCENARIOS_42" tests="13" failures="0" timestamp="11 Jan 2019 12:14:30 GMT" time="4.443" errors="0">
  <testcase name="COMMON_LaunchSite1" time="3.778" classname="com.sapient.qa.cats.core.selenium.testng.test.scenario.SCENARIOS_42"/>
  <testcase name="COMMON_CLOSEOVERLAY2" time="0.022" classname="com.sapient.qa.cats.core.selenium.testng.test.scenario.SCENARIOS_42"/>
  <testcase name="HEADER_ClickCoffeeLink3" time="0.041" classname="com.sapient.qa.cats.core.selenium.testng.test.scenario.SCENARIOS_42"/>
  <testcase name="PLP_ClickProduct4" time="0.023" classname="com.sapient.qa.cats.core.selenium.testng.test.scenario.SCENARIOS_42"/>
  <testcase name="PDP_AddToCart5" time="0.029" classname="com.sapient.qa.cats.core.selenium.testng.test.scenario.SCENARIOS_42"/>
  <testcase name="PDP_MiniCartIconClick6" time="0.058" classname="com.sapient.qa.cats.core.selenium.testng.test.scenario.SCENARIOS_42"/>
  <testcase name="CART_AutoDelivery7" time="0.081" classname="com.sapient.qa.cats.core.selenium.testng.test.scenario.SCENARIOS_42"/>
  <testcase name="CART_ClickCheckOutBttn8" time="0.050" classname="com.sapient.qa.cats.core.selenium.testng.test.scenario.SCENARIOS_42"/>
  <testcase name="COMMON_CreateAnAccount9" time="0.061" classname="com.sapient.qa.cats.core.selenium.testng.test.scenario.SCENARIOS_42"/>
  <testcase name="Shipping_FillShippingDetails10" time="0.051" classname="com.sapient.qa.cats.core.selenium.testng.test.scenario.SCENARIOS_42"/>
  <testcase name="Payment_VISALoggedInUser11" time="0.068" classname="com.sapient.qa.cats.core.selenium.testng.test.scenario.SCENARIOS_42"/>
  <testcase name="Review_PlaceOrder112" time="0.091" classname="com.sapient.qa.cats.core.selenium.testng.test.scenario.SCENARIOS_42"/>
  <testcase name="COMMON_CloseWindow13" time="0.090" classname="com.sapient.qa.cats.core.selenium.testng.test.scenario.SCENARIOS_42"/>
</testsuite> <!-- com.sapient.qa.cats.core.selenium.testng.test.scenario.SCENARIOS_42 -->
