<?xml version="1.0" encoding="UTF-8"?>
<!-- Generated by org.testng.reporters.JUnitReportReporter -->
<testsuite skipped="0" hostname="WKWIN5161291" name="com.sapient.qa.cats.core.selenium.testng.test.scenario.SCENARIOS_Exit003" tests="3" failures="0" timestamp="16 Oct 2018 06:41:12 GMT" time="0.226" errors="0">
  <testcase name="ExitTC011" time="0.069" classname="com.sapient.qa.cats.core.selenium.testng.test.scenario.SCENARIOS_Exit003"/>
  <testcase name="ExitTC042" time="0.065" classname="com.sapient.qa.cats.core.selenium.testng.test.scenario.SCENARIOS_Exit003"/>
  <testcase name="ExitTC073" time="0.092" classname="com.sapient.qa.cats.core.selenium.testng.test.scenario.SCENARIOS_Exit003"/>
</testsuite> <!-- com.sapient.qa.cats.core.selenium.testng.test.scenario.SCENARIOS_Exit003 -->
