<?xml version="1.0" encoding="UTF-8"?>
<!-- Generated by org.testng.reporters.JUnitReportReporter -->
<testsuite skipped="0" hostname="WKWIN9666763" name="com.sapient.qa.cats.core.selenium.testng.test.scenario.SCENARIOS_41" tests="6" failures="0" timestamp="11 Jan 2019 12:14:30 GMT" time="8.619" errors="0">
  <testcase name="COMMON_LaunchSite1" time="8.114" classname="com.sapient.qa.cats.core.selenium.testng.test.scenario.SCENARIOS_41"/>
  <testcase name="COMMON_CLOSEOVERLAY2" time="0.029" classname="com.sapient.qa.cats.core.selenium.testng.test.scenario.SCENARIOS_41"/>
  <testcase name="HEADER_ClickCoffeeLink3" time="0.133" classname="com.sapient.qa.cats.core.selenium.testng.test.scenario.SCENARIOS_41"/>
  <testcase name="PLP_ClickProduct4" time="0.035" classname="com.sapient.qa.cats.core.selenium.testng.test.scenario.SCENARIOS_41"/>
  <testcase name="PDP_VerifyATCAndATAD5" time="0.081" classname="com.sapient.qa.cats.core.selenium.testng.test.scenario.SCENARIOS_41"/>
  <testcase name="COMMON_CloseWindow6" time="0.227" classname="com.sapient.qa.cats.core.selenium.testng.test.scenario.SCENARIOS_41"/>
</testsuite> <!-- com.sapient.qa.cats.core.selenium.testng.test.scenario.SCENARIOS_41 -->
