<?xml version="1.0" encoding="UTF-8"?>
<!-- Generated by org.testng.reporters.JUnitReportReporter -->
<testsuite skipped="1" hostname="WKWIN5161291" name="com.sapient.qa.cats.core.selenium.bdd.runner.HybridCATSBDD" tests="1" failures="0" timestamp="11 Sep 2018 06:02:24 GMT" time="32.701" errors="0">
  <testcase name="executeScenario" time="32.701" classname="com.sapient.qa.cats.core.selenium.bdd.runner.HybridCATSBDD">
    <skipped/>
  </testcase> <!-- executeScenario -->
</testsuite> <!-- com.sapient.qa.cats.core.selenium.bdd.runner.HybridCATSBDD -->
