<?xml version="1.0" encoding="UTF-8"?>
<!-- Generated by org.testng.reporters.JUnitReportReporter -->
<testsuite skipped="0" hostname="WKWIN5161291" name="com.sapient.qa.cats.core.selenium.testng.test.scenario.SCENARIOS_MLCH" tests="4" failures="0" timestamp="09 Aug 2018 14:02:43 GMT" time="28.494" errors="0">
  <testcase name="BALaunch1" time="26.479" classname="com.sapient.qa.cats.core.selenium.testng.test.scenario.SCENARIOS_MLCH"/>
  <testcase name="BAVerifyHeader2" time="0.444" classname="com.sapient.qa.cats.core.selenium.testng.test.scenario.SCENARIOS_MLCH"/>
  <testcase name="BAVerifyFooter3" time="0.619" classname="com.sapient.qa.cats.core.selenium.testng.test.scenario.SCENARIOS_MLCH"/>
  <testcase name="BAQuit4" time="0.952" classname="com.sapient.qa.cats.core.selenium.testng.test.scenario.SCENARIOS_MLCH"/>
</testsuite> <!-- com.sapient.qa.cats.core.selenium.testng.test.scenario.SCENARIOS_MLCH -->
