<?xml version="1.0" encoding="UTF-8"?>
<!-- Generated by org.testng.reporters.JUnitReportReporter -->
<testsuite skipped="1" hostname="WKWIN5161291" name="com.sapient.qa.cats.core.selenium.bdd.runner.CATSBDD" tests="1" failures="0" timestamp="09 Oct 2018 10:25:19 GMT" time="13.123" errors="0">
  <testcase name="executeScenario" time="13.123" classname="com.sapient.qa.cats.core.selenium.bdd.runner.CATSBDD">
    <skipped/>
  </testcase> <!-- executeScenario -->
</testsuite> <!-- com.sapient.qa.cats.core.selenium.bdd.runner.CATSBDD -->
