<?xml version="1.0" encoding="UTF-8"?>
<!-- Generated by org.testng.reporters.JUnitReportReporter -->
<testsuite skipped="0" hostname="WKWIN5161291" name="com.sapient.qa.cats.core.selenium.testng.test.scenario.SCENARIOS_CARGILLFacetsList" tests="4" failures="0" timestamp="24 Aug 2018 04:28:22 GMT" time="138.327" errors="0">
  <testcase name="CARGILLLaunchAltSite1" time="25.992" classname="com.sapient.qa.cats.core.selenium.testng.test.scenario.SCENARIOS_CARGILLFacetsList"/>
  <testcase name="CARGILLOktaLogin2" time="12.838" classname="com.sapient.qa.cats.core.selenium.testng.test.scenario.SCENARIOS_CARGILLFacetsList"/>
  <testcase name="CARGILLScrollProdPLP3" time="12.942" classname="com.sapient.qa.cats.core.selenium.testng.test.scenario.SCENARIOS_CARGILLFacetsList"/>
  <testcase name="CARGILLFacetsProdPage4" time="86.555" classname="com.sapient.qa.cats.core.selenium.testng.test.scenario.SCENARIOS_CARGILLFacetsList"/>
</testsuite> <!-- com.sapient.qa.cats.core.selenium.testng.test.scenario.SCENARIOS_CARGILLFacetsList -->
