<?xml version="1.0" encoding="UTF-8"?>
<!-- Generated by org.testng.reporters.JUnitReportReporter -->
<testsuite skipped="0" hostname="WKWIN9666763" name="com.sapient.qa.cats.core.selenium.testng.test.scenario.SCENARIOS_1" tests="12" failures="0" timestamp="07 Jan 2019 11:01:51 GMT" time="230.096" errors="0">
  <testcase name="COMMON_LaunchSite1" time="108.229" classname="com.sapient.qa.cats.core.selenium.testng.test.scenario.SCENARIOS_1"/>
  <testcase name="COMMON_ExistingUserSignIn2" time="50.710" classname="com.sapient.qa.cats.core.selenium.testng.test.scenario.SCENARIOS_1"/>
  <testcase name="HEADER_ClickCoffeeLink3" time="61.401" classname="com.sapient.qa.cats.core.selenium.testng.test.scenario.SCENARIOS_1"/>
  <testcase name="PLP_ClickProduct4" time="1.082" classname="com.sapient.qa.cats.core.selenium.testng.test.scenario.SCENARIOS_1"/>
  <testcase name="PDP_AddToCart5" time="1.068" classname="com.sapient.qa.cats.core.selenium.testng.test.scenario.SCENARIOS_1"/>
  <testcase name="PDP_MiniCartIconClick6" time="1.080" classname="com.sapient.qa.cats.core.selenium.testng.test.scenario.SCENARIOS_1"/>
  <testcase name="CART_ClickCheckOutBttn7" time="1.083" classname="com.sapient.qa.cats.core.selenium.testng.test.scenario.SCENARIOS_1"/>
  <testcase name="SHIPPING_ClickContinue8" time="1.071" classname="com.sapient.qa.cats.core.selenium.testng.test.scenario.SCENARIOS_1"/>
  <testcase name="PAYMENT_VISALoggedInUser9" time="1.085" classname="com.sapient.qa.cats.core.selenium.testng.test.scenario.SCENARIOS_1"/>
  <testcase name="REVIEW_PlaceOrder10" time="1.080" classname="com.sapient.qa.cats.core.selenium.testng.test.scenario.SCENARIOS_1"/>
  <testcase name="REVIEW_VerifyThankYouText11" time="1.097" classname="com.sapient.qa.cats.core.selenium.testng.test.scenario.SCENARIOS_1"/>
  <testcase name="COMMON_CloseWindow12" time="1.110" classname="com.sapient.qa.cats.core.selenium.testng.test.scenario.SCENARIOS_1"/>
</testsuite> <!-- com.sapient.qa.cats.core.selenium.testng.test.scenario.SCENARIOS_1 -->
