<?xml version="1.0" encoding="UTF-8"?>
<!-- Generated by org.testng.reporters.JUnitReportReporter -->
<testsuite skipped="0" hostname="WKWIN9666763" name="com.sapient.qa.cats.core.selenium.testng.test.scenario.SCENARIOS_30" tests="8" failures="0" timestamp="11 Jan 2019 12:14:30 GMT" time="4.122" errors="0">
  <testcase name="COMMON_LaunchSite1" time="3.831" classname="com.sapient.qa.cats.core.selenium.testng.test.scenario.SCENARIOS_30"/>
  <testcase name="COMMON_CLOSEOVERLAY2" time="0.047" classname="com.sapient.qa.cats.core.selenium.testng.test.scenario.SCENARIOS_30"/>
  <testcase name="COMMON_MyAccountClick3" time="0.031" classname="com.sapient.qa.cats.core.selenium.testng.test.scenario.SCENARIOS_30"/>
  <testcase name="COMMON_RegisterAnAccount4" time="0.069" classname="com.sapient.qa.cats.core.selenium.testng.test.scenario.SCENARIOS_30"/>
  <testcase name="COMMON_GlobalMsgRegistrationSuccess5" time="0.031" classname="com.sapient.qa.cats.core.selenium.testng.test.scenario.SCENARIOS_30"/>
  <testcase name="HEADER_ClickCoffeeLink6" time="0.042" classname="com.sapient.qa.cats.core.selenium.testng.test.scenario.SCENARIOS_30"/>
  <testcase name="PLP_VerifyPagination7" time="0.031" classname="com.sapient.qa.cats.core.selenium.testng.test.scenario.SCENARIOS_30"/>
  <testcase name="COMMON_CloseWindow8" time="0.040" classname="com.sapient.qa.cats.core.selenium.testng.test.scenario.SCENARIOS_30"/>
</testsuite> <!-- com.sapient.qa.cats.core.selenium.testng.test.scenario.SCENARIOS_30 -->
