<?xml version="1.0" encoding="UTF-8"?>
<!-- Generated by org.testng.reporters.JUnitReportReporter -->
<testsuite skipped="0" hostname="WKWIN5161291" name="com.sapient.qa.cats.core.selenium.testng.test.scenario.SCENARIOS_SC01" tests="1" failures="0" timestamp="10 Oct 2018 08:14:16 GMT" time="32.782" errors="0">
  <testcase name="BSTUSENDESKTOPTC05_BST_TireListPage11" time="32.782" classname="com.sapient.qa.cats.core.selenium.testng.test.scenario.SCENARIOS_SC01"/>
</testsuite> <!-- com.sapient.qa.cats.core.selenium.testng.test.scenario.SCENARIOS_SC01 -->
