<?xml version="1.0" encoding="UTF-8"?>
<!-- Generated by org.testng.reporters.JUnitReportReporter -->
<testsuite skipped="0" hostname="WKWIN5161291" name="com.sapient.qa.cats.core.selenium.testng.test.scenario.SCENARIOS_Exit004" tests="2" failures="0" timestamp="16 Oct 2018 06:41:12 GMT" time="0.138" errors="0">
  <testcase name="ExitTC011" time="0.062" classname="com.sapient.qa.cats.core.selenium.testng.test.scenario.SCENARIOS_Exit004"/>
  <testcase name="ExitTC011" time="0.076" classname="com.sapient.qa.cats.core.selenium.testng.test.scenario.SCENARIOS_Exit004"/>
</testsuite> <!-- com.sapient.qa.cats.core.selenium.testng.test.scenario.SCENARIOS_Exit004 -->
