<?xml version="1.0" encoding="UTF-8"?>
<!-- Generated by org.testng.reporters.JUnitReportReporter -->
<testsuite skipped="0" hostname="WKWIN5161291" name="com.sapient.qa.cats.core.selenium.testng.test.scenario.SCENARIOS_CRDTP" tests="5" failures="0" timestamp="09 Aug 2018 14:02:43 GMT" time="101.919" errors="0">
  <testcase name="OZOLaunch1" time="7.850" classname="com.sapient.qa.cats.core.selenium.testng.test.scenario.SCENARIOS_CRDTP"/>
  <testcase name="OZOVerifyHomePageLayout2" time="13.077" classname="com.sapient.qa.cats.core.selenium.testng.test.scenario.SCENARIOS_CRDTP"/>
  <testcase name="OZOVerifyFooterLinks3" time="22.191" classname="com.sapient.qa.cats.core.selenium.testng.test.scenario.SCENARIOS_CRDTP"/>
  <testcase name="OZOVerifyButtonColor4" time="49.005" classname="com.sapient.qa.cats.core.selenium.testng.test.scenario.SCENARIOS_CRDTP"/>
  <testcase name="OZOQuit5" time="9.796" classname="com.sapient.qa.cats.core.selenium.testng.test.scenario.SCENARIOS_CRDTP"/>
</testsuite> <!-- com.sapient.qa.cats.core.selenium.testng.test.scenario.SCENARIOS_CRDTP -->
