<?xml version="1.0" encoding="UTF-8"?>
<!-- Generated by org.testng.reporters.JUnitReportReporter -->
<testsuite skipped="1" hostname="WKWIN5161291" name="com.sapient.qa.cats.core.selenium.bdd.runner.AGTB" tests="1" failures="0" timestamp="14 Nov 2018 10:09:35 GMT" time="1.506" errors="0">
  <testcase name="executeScenario" time="1.506" classname="com.sapient.qa.cats.core.selenium.bdd.runner.AGTB">
    <skipped/>
  </testcase> <!-- executeScenario -->
</testsuite> <!-- com.sapient.qa.cats.core.selenium.bdd.runner.AGTB -->
