<?xml version="1.0" encoding="UTF-8"?>
<!-- Generated by org.testng.reporters.JUnitReportReporter -->
<testsuite skipped="0" hostname="WKWIN5161291" name="com.sapient.qa.cats.core.selenium.testng.test.scenario.SCENARIOS_AppLaunch" tests="1" failures="0" timestamp="28 Aug 2018 11:38:08 GMT" time="50.517" errors="0">
  <testcase name="Demo1App171" time="50.517" classname="com.sapient.qa.cats.core.selenium.testng.test.scenario.SCENARIOS_AppLaunch"/>
</testsuite> <!-- com.sapient.qa.cats.core.selenium.testng.test.scenario.SCENARIOS_AppLaunch -->
