<?xml version="1.0" encoding="UTF-8"?>
<!-- Generated by org.testng.reporters.JUnitReportReporter -->
<testsuite skipped="0" hostname="WKWIN9666763" name="com.sapient.qa.cats.core.selenium.testng.test.scenario.SCENARIOS_29" tests="7" failures="0" timestamp="11 Jan 2019 12:14:30 GMT" time="7.077" errors="0">
  <testcase name="COMMON_LaunchSite1" time="6.939" classname="com.sapient.qa.cats.core.selenium.testng.test.scenario.SCENARIOS_29"/>
  <testcase name="COMMON_CLOSEOVERLAY2" time="0.023" classname="com.sapient.qa.cats.core.selenium.testng.test.scenario.SCENARIOS_29"/>
  <testcase name="COMMON_MyAccountClick3" time="0.015" classname="com.sapient.qa.cats.core.selenium.testng.test.scenario.SCENARIOS_29"/>
  <testcase name="COMMON_RegisterAnAccount4" time="0.047" classname="com.sapient.qa.cats.core.selenium.testng.test.scenario.SCENARIOS_29"/>
  <testcase name="COMMON_GlobalMsgRegistrationSuccess5" time="0.016" classname="com.sapient.qa.cats.core.selenium.testng.test.scenario.SCENARIOS_29"/>
  <testcase name="MyAccount_VerifyMyAccountSection6" time="0.037" classname="com.sapient.qa.cats.core.selenium.testng.test.scenario.SCENARIOS_29"/>
  <testcase name="COMMON_CloseWindow7" time="0.000" classname="com.sapient.qa.cats.core.selenium.testng.test.scenario.SCENARIOS_29"/>
</testsuite> <!-- com.sapient.qa.cats.core.selenium.testng.test.scenario.SCENARIOS_29 -->
