<?xml version="1.0" encoding="UTF-8"?>
<!-- Generated by org.testng.reporters.JUnitReportReporter -->
<testsuite skipped="0" hostname="WKWIN5161291" name="com.sapient.qa.cats.core.selenium.testng.test.scenario.SCENARIOS_ControlFlowTest2" tests="8" failures="0" timestamp="09 Oct 2018 09:02:26 GMT" time="12.904" errors="0">
  <testcase name="LoopTestingForEachStartTesting1" time="5.726" classname="com.sapient.qa.cats.core.selenium.testng.test.scenario.SCENARIOS_ControlFlowTest2"/>
  <testcase name="LoopTestingTest2" time="0.240" classname="com.sapient.qa.cats.core.selenium.testng.test.scenario.SCENARIOS_ControlFlowTest2"/>
  <testcase name="LoopTestingLoopUntilTest3" time="3.439" classname="com.sapient.qa.cats.core.selenium.testng.test.scenario.SCENARIOS_ControlFlowTest2"/>
  <testcase name="LoopTestingWhileLoopTest4" time="0.190" classname="com.sapient.qa.cats.core.selenium.testng.test.scenario.SCENARIOS_ControlFlowTest2"/>
  <testcase name="LoopTestingLoopSkipFailTest5" time="1.272" classname="com.sapient.qa.cats.core.selenium.testng.test.scenario.SCENARIOS_ControlFlowTest2"/>
  <testcase name="LoopTestingLoopSkipPassTest6" time="0.414" classname="com.sapient.qa.cats.core.selenium.testng.test.scenario.SCENARIOS_ControlFlowTest2"/>
  <testcase name="LoopTestingLoopBreakFailTest7" time="1.263" classname="com.sapient.qa.cats.core.selenium.testng.test.scenario.SCENARIOS_ControlFlowTest2"/>
  <testcase name="LoopTestingLoopBreakPassTest8" time="0.360" classname="com.sapient.qa.cats.core.selenium.testng.test.scenario.SCENARIOS_ControlFlowTest2"/>
</testsuite> <!-- com.sapient.qa.cats.core.selenium.testng.test.scenario.SCENARIOS_ControlFlowTest2 -->
