<?xml version="1.0" encoding="UTF-8"?>
<!-- Generated by org.testng.reporters.JUnitReportReporter -->
<testsuite skipped="0" hostname="WKWIN5161291" name="com.sapient.qa.cats.core.selenium.testng.test.scenario.SCENARIOS_MultipleStatusCodes" tests="1" failures="0" timestamp="10 Oct 2018 08:02:49 GMT" time="1.472" errors="0">
  <testcase name="MultipleStatusCodes11" time="1.472" classname="com.sapient.qa.cats.core.selenium.testng.test.scenario.SCENARIOS_MultipleStatusCodes"/>
</testsuite> <!-- com.sapient.qa.cats.core.selenium.testng.test.scenario.SCENARIOS_MultipleStatusCodes -->
