<?xml version="1.0" encoding="UTF-8"?>
<!-- Generated by org.testng.reporters.JUnitReportReporter -->
<testsuite skipped="0" hostname="WKWIN5161291" name="com.sapient.qa.cats.core.selenium.testng.test.scenario.SCENARIOS_NanoForm" tests="1" failures="0" timestamp="25 Sep 2018 07:02:44 GMT" time="72.477" errors="0">
  <testcase name="UserStoriesVerify_NanoForm1" time="72.477" classname="com.sapient.qa.cats.core.selenium.testng.test.scenario.SCENARIOS_NanoForm"/>
</testsuite> <!-- com.sapient.qa.cats.core.selenium.testng.test.scenario.SCENARIOS_NanoForm -->
