<?xml version="1.0" encoding="UTF-8"?>
<!-- Generated by org.testng.reporters.JUnitReportReporter -->
<testsuite skipped="0" hostname="WKWIN5161291" name="com.sapient.qa.cats.core.selenium.testng.test.scenario.SCENARIOS_Exit001" tests="3" failures="0" timestamp="16 Oct 2018 06:41:12 GMT" time="0.679" errors="0">
  <testcase name="ExitTC011" time="0.415" classname="com.sapient.qa.cats.core.selenium.testng.test.scenario.SCENARIOS_Exit001"/>
  <testcase name="ExitTC022" time="0.208" classname="com.sapient.qa.cats.core.selenium.testng.test.scenario.SCENARIOS_Exit001"/>
  <testcase name="ExitTC033" time="0.056" classname="com.sapient.qa.cats.core.selenium.testng.test.scenario.SCENARIOS_Exit001"/>
</testsuite> <!-- com.sapient.qa.cats.core.selenium.testng.test.scenario.SCENARIOS_Exit001 -->
