<?xml version="1.0" encoding="UTF-8"?>
<!-- Generated by org.testng.reporters.JUnitReportReporter -->
<testsuite skipped="0" hostname="WKWIN9666763" name="com.sapient.qa.cats.core.selenium.testng.test.scenario.SCENARIOS_35" tests="6" failures="0" timestamp="11 Jan 2019 12:14:30 GMT" time="5.165" errors="0">
  <testcase name="COMMON_LaunchSite1" time="5.048" classname="com.sapient.qa.cats.core.selenium.testng.test.scenario.SCENARIOS_35"/>
  <testcase name="COMMON_CLOSEOVERLAY2" time="0.032" classname="com.sapient.qa.cats.core.selenium.testng.test.scenario.SCENARIOS_35"/>
  <testcase name="HEADER_ClickCoffeeMaker33" time="0.022" classname="com.sapient.qa.cats.core.selenium.testng.test.scenario.SCENARIOS_35"/>
  <testcase name="PLP_BrewerAddToCart4" time="0.016" classname="com.sapient.qa.cats.core.selenium.testng.test.scenario.SCENARIOS_35"/>
  <testcase name="PDP_VerifyBrewerCompareTable5" time="0.031" classname="com.sapient.qa.cats.core.selenium.testng.test.scenario.SCENARIOS_35"/>
  <testcase name="COMMON_CloseWindow6" time="0.016" classname="com.sapient.qa.cats.core.selenium.testng.test.scenario.SCENARIOS_35"/>
</testsuite> <!-- com.sapient.qa.cats.core.selenium.testng.test.scenario.SCENARIOS_35 -->
