<?xml version="1.0" encoding="UTF-8"?>
<!-- Generated by org.testng.reporters.JUnitReportReporter -->
<testsuite skipped="0" hostname="WKWIN9666763" name="com.sapient.qa.cats.core.selenium.testng.test.scenario.SCENARIOS_39" tests="6" failures="0" timestamp="11 Jan 2019 12:14:30 GMT" time="98.010" errors="0">
  <testcase name="COMMON_LaunchSite1" time="31.123" classname="com.sapient.qa.cats.core.selenium.testng.test.scenario.SCENARIOS_39"/>
  <testcase name="COMMON_CLOSEOVERLAY2" time="7.366" classname="com.sapient.qa.cats.core.selenium.testng.test.scenario.SCENARIOS_39"/>
  <testcase name="HEADER_ClickCoffeeLink3" time="30.234" classname="com.sapient.qa.cats.core.selenium.testng.test.scenario.SCENARIOS_39"/>
  <testcase name="PLP_ClickProduct4" time="15.756" classname="com.sapient.qa.cats.core.selenium.testng.test.scenario.SCENARIOS_39"/>
  <testcase name="PDP_VerifyOOS5" time="12.428" classname="com.sapient.qa.cats.core.selenium.testng.test.scenario.SCENARIOS_39"/>
  <testcase name="COMMON_CloseWindow6" time="1.103" classname="com.sapient.qa.cats.core.selenium.testng.test.scenario.SCENARIOS_39"/>
</testsuite> <!-- com.sapient.qa.cats.core.selenium.testng.test.scenario.SCENARIOS_39 -->
