<?xml version="1.0" encoding="UTF-8"?>
<!-- Generated by org.testng.reporters.JUnitReportReporter -->
<testsuite skipped="0" hostname="WKWIN9666763" name="com.sapient.qa.cats.core.selenium.testng.test.scenario.SCENARIOS_MLRU" tests="4" failures="0" timestamp="04 Jan 2019 05:48:58 GMT" time="381.435" errors="0">
  <testcase name="BA_Launch1" time="127.014" classname="com.sapient.qa.cats.core.selenium.testng.test.scenario.SCENARIOS_MLRU"/>
  <testcase name="BA_VerifyHeader2" time="79.296" classname="com.sapient.qa.cats.core.selenium.testng.test.scenario.SCENARIOS_MLRU"/>
  <testcase name="BA_VerifyFooter3" time="174.411" classname="com.sapient.qa.cats.core.selenium.testng.test.scenario.SCENARIOS_MLRU"/>
  <testcase name="BA_Quit4" time="0.714" classname="com.sapient.qa.cats.core.selenium.testng.test.scenario.SCENARIOS_MLRU"/>
</testsuite> <!-- com.sapient.qa.cats.core.selenium.testng.test.scenario.SCENARIOS_MLRU -->
