<?xml version="1.0" encoding="UTF-8"?>
<!-- Generated by org.testng.reporters.JUnitReportReporter -->
<testsuite skipped="0" hostname="WKWIN5161291" name="com.sapient.qa.cats.core.selenium.testng.test.scenario.SCENARIOS_Demo" tests="1" failures="0" timestamp="18 Sep 2018 10:30:17 GMT" time="14.671" errors="0">
  <testcase name="DemoTestingALTtextofanimage1" time="14.671" classname="com.sapient.qa.cats.core.selenium.testng.test.scenario.SCENARIOS_Demo"/>
</testsuite> <!-- com.sapient.qa.cats.core.selenium.testng.test.scenario.SCENARIOS_Demo -->
