<?xml version="1.0" encoding="UTF-8"?>
<!-- Generated by org.testng.reporters.JUnitReportReporter -->
<testsuite skipped="0" hostname="WKWIN5161291" name="com.sapient.qa.cats.core.selenium.testng.test.scenario.SCENARIOS_DeleteCookies" tests="1" failures="0" timestamp="19 Sep 2018 15:42:21 GMT" time="23.702" errors="0">
  <testcase name="AmazonDeleteCookiesDemo31" time="23.702" classname="com.sapient.qa.cats.core.selenium.testng.test.scenario.SCENARIOS_DeleteCookies"/>
</testsuite> <!-- com.sapient.qa.cats.core.selenium.testng.test.scenario.SCENARIOS_DeleteCookies -->
