<?xml version="1.0" encoding="UTF-8"?>
<!-- Generated by org.testng.reporters.JUnitReportReporter -->
<testsuite skipped="1" hostname="WKWIN5161291" name="com.sapient.qa.cats.core.selenium.bdd.runner.Dangal" tests="1" failures="0" timestamp="16 Oct 2018 14:05:05 GMT" time="9.908" errors="0">
  <testcase name="executeScenario" time="9.908" classname="com.sapient.qa.cats.core.selenium.bdd.runner.Dangal">
    <skipped/>
  </testcase> <!-- executeScenario -->
</testsuite> <!-- com.sapient.qa.cats.core.selenium.bdd.runner.Dangal -->
