<?xml version="1.0" encoding="UTF-8"?>
<!-- Generated by org.testng.reporters.JUnitReportReporter -->
<testsuite skipped="0" hostname="WKWIN5161291" name="com.sapient.qa.cats.core.selenium.testng.test.scenario.SCENARIOS_PubBlurbRailContent" tests="3" failures="0" timestamp="12 Sep 2018 08:04:12 GMT" time="23.627" errors="0">
  <testcase name="LaunchPubBlurbRailContent1" time="8.357" classname="com.sapient.qa.cats.core.selenium.testng.test.scenario.SCENARIOS_PubBlurbRailContent"/>
  <testcase name="BlurbRailPubBlurbRailContent2" time="14.442" classname="com.sapient.qa.cats.core.selenium.testng.test.scenario.SCENARIOS_PubBlurbRailContent"/>
  <testcase name="LoginQuitBrowser3" time="0.828" classname="com.sapient.qa.cats.core.selenium.testng.test.scenario.SCENARIOS_PubBlurbRailContent"/>
</testsuite> <!-- com.sapient.qa.cats.core.selenium.testng.test.scenario.SCENARIOS_PubBlurbRailContent -->
