<?xml version="1.0" encoding="UTF-8"?>
<!-- Generated by org.testng.reporters.JUnitReportReporter -->
<testsuite hostname="WKWIN5161291" name="com.sapient.qa.cats.core.selenium.testng.test.scenario.SCENARIOS_MLTestDataKey" tests="4" failures="0" timestamp="10 Aug 2018 07:50:29 GMT" time="104.923" errors="0">
  <testcase name="BA2Launch1" time="28.010" classname="com.sapient.qa.cats.core.selenium.testng.test.scenario.SCENARIOS_MLTestDataKey"/>
  <testcase name="BA2Launch4" time="25.521" classname="com.sapient.qa.cats.core.selenium.testng.test.scenario.SCENARIOS_MLTestDataKey"/>
  <testcase name="BA2Launch2" time="28.017" classname="com.sapient.qa.cats.core.selenium.testng.test.scenario.SCENARIOS_MLTestDataKey"/>
  <testcase name="BA2Launch3" time="23.375" classname="com.sapient.qa.cats.core.selenium.testng.test.scenario.SCENARIOS_MLTestDataKey"/>
</testsuite> <!-- com.sapient.qa.cats.core.selenium.testng.test.scenario.SCENARIOS_MLTestDataKey -->
