<?xml version="1.0" encoding="UTF-8"?>
<!-- Generated by org.testng.reporters.JUnitReportReporter -->
<testsuite skipped="0" hostname="WKWIN5161291" name="com.sapient.qa.cats.core.selenium.testng.test.scenario.SCENARIOS_5766024" tests="4" failures="0" timestamp="25 Sep 2018 15:48:44 GMT" time="133.355" errors="0">
  <testcase name="HomePageLaunch1" time="23.280" classname="com.sapient.qa.cats.core.selenium.testng.test.scenario.SCENARIOS_5766024"/>
  <testcase name="HomePageVerifyHamburgerAndClickHamburger2" time="21.192" classname="com.sapient.qa.cats.core.selenium.testng.test.scenario.SCENARIOS_5766024"/>
  <testcase name="HomePageNewUser3" time="88.118" classname="com.sapient.qa.cats.core.selenium.testng.test.scenario.SCENARIOS_5766024"/>
  <testcase name="HomePageQuit4" time="0.765" classname="com.sapient.qa.cats.core.selenium.testng.test.scenario.SCENARIOS_5766024"/>
</testsuite> <!-- com.sapient.qa.cats.core.selenium.testng.test.scenario.SCENARIOS_5766024 -->
