<?xml version="1.0" encoding="UTF-8"?>
<!-- Generated by org.testng.reporters.JUnitReportReporter -->
<testsuite skipped="0" hostname="WKWIN5161291" name="com.sapient.qa.cats.core.selenium.testng.test.scenario.SCENARIOS_RESTTesting" tests="8" failures="0" timestamp="10 Oct 2018 08:02:49 GMT" time="1.603" errors="0">
  <testcase name="ServicesDemoTestingGetCall1" time="0.561" classname="com.sapient.qa.cats.core.selenium.testng.test.scenario.SCENARIOS_RESTTesting"/>
  <testcase name="ServicesDemoTestingPostCall2" time="0.202" classname="com.sapient.qa.cats.core.selenium.testng.test.scenario.SCENARIOS_RESTTesting"/>
  <testcase name="ServicesDemoTrestingPutCall3" time="0.105" classname="com.sapient.qa.cats.core.selenium.testng.test.scenario.SCENARIOS_RESTTesting"/>
  <testcase name="ServicesDemoTestingDeleteCall4" time="0.111" classname="com.sapient.qa.cats.core.selenium.testng.test.scenario.SCENARIOS_RESTTesting"/>
  <testcase name="ServicesDemoTestingMultiplePostCalls5" time="0.189" classname="com.sapient.qa.cats.core.selenium.testng.test.scenario.SCENARIOS_RESTTesting"/>
  <testcase name="ServicesDemoTestingMultiplePostCalls6" time="0.140" classname="com.sapient.qa.cats.core.selenium.testng.test.scenario.SCENARIOS_RESTTesting"/>
  <testcase name="ServicesDemoTestingMultiplePostCalls7" time="0.140" classname="com.sapient.qa.cats.core.selenium.testng.test.scenario.SCENARIOS_RESTTesting"/>
  <testcase name="ServicesDemoTestingMultiplePostCalls8" time="0.155" classname="com.sapient.qa.cats.core.selenium.testng.test.scenario.SCENARIOS_RESTTesting"/>
</testsuite> <!-- com.sapient.qa.cats.core.selenium.testng.test.scenario.SCENARIOS_RESTTesting -->
