<?xml version="1.0" encoding="UTF-8"?>
<!-- Generated by org.testng.reporters.JUnitReportReporter -->
<testsuite skipped="0" hostname="WKWIN9666763" name="com.sapient.qa.cats.core.selenium.testng.test.scenario.SCENARIOS_43" tests="6" failures="0" timestamp="11 Jan 2019 12:14:30 GMT" time="2.192" errors="0">
  <testcase name="COMMON_LaunchSite1" time="2.084" classname="com.sapient.qa.cats.core.selenium.testng.test.scenario.SCENARIOS_43"/>
  <testcase name="COMMON_CLOSEOVERLAY2" time="0.030" classname="com.sapient.qa.cats.core.selenium.testng.test.scenario.SCENARIOS_43"/>
  <testcase name="HEADER_ClickCoffeeLink3" time="0.020" classname="com.sapient.qa.cats.core.selenium.testng.test.scenario.SCENARIOS_43"/>
  <testcase name="PLP_ClickProduct4" time="0.028" classname="com.sapient.qa.cats.core.selenium.testng.test.scenario.SCENARIOS_43"/>
  <testcase name="PDP_VerifyATCAndATAD5" time="0.020" classname="com.sapient.qa.cats.core.selenium.testng.test.scenario.SCENARIOS_43"/>
  <testcase name="COMMON_CloseWindow6" time="0.010" classname="com.sapient.qa.cats.core.selenium.testng.test.scenario.SCENARIOS_43"/>
</testsuite> <!-- com.sapient.qa.cats.core.selenium.testng.test.scenario.SCENARIOS_43 -->
