<?xml version="1.0" encoding="UTF-8"?>
<!-- Generated by org.testng.reporters.JUnitReportReporter -->
<testsuite skipped="0" hostname="WKWIN5161291" name="com.sapient.qa.cats.core.selenium.testng.test.scenario.SCENARIOS_Exit002" tests="2" failures="0" timestamp="16 Oct 2018 06:41:12 GMT" time="0.145" errors="0">
  <testcase name="ExitTC041" time="0.070" classname="com.sapient.qa.cats.core.selenium.testng.test.scenario.SCENARIOS_Exit002"/>
  <testcase name="ExitTC072" time="0.075" classname="com.sapient.qa.cats.core.selenium.testng.test.scenario.SCENARIOS_Exit002"/>
</testsuite> <!-- com.sapient.qa.cats.core.selenium.testng.test.scenario.SCENARIOS_Exit002 -->
