<?xml version="1.0" encoding="UTF-8"?>
<!-- Generated by org.testng.reporters.JUnitReportReporter -->
<testsuite skipped="0" hostname="WKWIN9666763" name="com.sapient.qa.cats.core.selenium.testng.test.scenario.SCENARIOS_40" tests="8" failures="0" timestamp="11 Jan 2019 12:14:30 GMT" time="13.709" errors="0">
  <testcase name="COMMON_LaunchSite1" time="13.220" classname="com.sapient.qa.cats.core.selenium.testng.test.scenario.SCENARIOS_40"/>
  <testcase name="COMMON_CLOSEOVERLAY2" time="0.037" classname="com.sapient.qa.cats.core.selenium.testng.test.scenario.SCENARIOS_40"/>
  <testcase name="HEADER_ClickCoffeeLink3" time="0.087" classname="com.sapient.qa.cats.core.selenium.testng.test.scenario.SCENARIOS_40"/>
  <testcase name="PLP_ClickProduct4" time="0.026" classname="com.sapient.qa.cats.core.selenium.testng.test.scenario.SCENARIOS_40"/>
  <testcase name="PDP_AddToCart5" time="0.058" classname="com.sapient.qa.cats.core.selenium.testng.test.scenario.SCENARIOS_40"/>
  <testcase name="PDP_MiniCartIconClick6" time="0.076" classname="com.sapient.qa.cats.core.selenium.testng.test.scenario.SCENARIOS_40"/>
  <testcase name="CART_MiniCartItemAddVerify7" time="0.096" classname="com.sapient.qa.cats.core.selenium.testng.test.scenario.SCENARIOS_40"/>
  <testcase name="COMMON_CloseWindow8" time="0.109" classname="com.sapient.qa.cats.core.selenium.testng.test.scenario.SCENARIOS_40"/>
</testsuite> <!-- com.sapient.qa.cats.core.selenium.testng.test.scenario.SCENARIOS_40 -->
