<?xml version="1.0" encoding="UTF-8"?>
<!-- Generated by org.testng.reporters.JUnitReportReporter -->
<testsuite skipped="0" hostname="WKWIN9666763" name="com.sapient.qa.cats.core.selenium.testng.test.scenario.SCENARIOS_28" tests="5" failures="0" timestamp="11 Jan 2019 12:14:30 GMT" time="5.857" errors="0">
  <testcase name="COMMON_LaunchSite1" time="5.757" classname="com.sapient.qa.cats.core.selenium.testng.test.scenario.SCENARIOS_28"/>
  <testcase name="COMMON_MyAccountClick2" time="0.016" classname="com.sapient.qa.cats.core.selenium.testng.test.scenario.SCENARIOS_28"/>
  <testcase name="COMMON_RegisterAnAccount3" time="0.047" classname="com.sapient.qa.cats.core.selenium.testng.test.scenario.SCENARIOS_28"/>
  <testcase name="COMMON_GlobalMsgRegistrationSuccess4" time="0.015" classname="com.sapient.qa.cats.core.selenium.testng.test.scenario.SCENARIOS_28"/>
  <testcase name="COMMON_CloseWindow5" time="0.022" classname="com.sapient.qa.cats.core.selenium.testng.test.scenario.SCENARIOS_28"/>
</testsuite> <!-- com.sapient.qa.cats.core.selenium.testng.test.scenario.SCENARIOS_28 -->
