<?xml version="1.0" encoding="UTF-8"?>
<!-- Generated by org.testng.reporters.JUnitReportReporter -->
<testsuite skipped="0" hostname="WKWIN5161291" name="com.sapient.qa.cats.core.selenium.testng.test.scenario.SCENARIOS_AMZDTP" tests="8" failures="0" timestamp="16 Oct 2018 09:53:33 GMT" time="160.512" errors="0">
  <testcase name="AMZLaunchHomePage1" time="13.244" classname="com.sapient.qa.cats.core.selenium.testng.test.scenario.SCENARIOS_AMZDTP"/>
  <testcase name="AMZSearchForProduct2" time="3.270" classname="com.sapient.qa.cats.core.selenium.testng.test.scenario.SCENARIOS_AMZDTP"/>
  <testcase name="AMZSelectProduct3" time="1.658" classname="com.sapient.qa.cats.core.selenium.testng.test.scenario.SCENARIOS_AMZDTP"/>
  <testcase name="AMZSwitchWind4" time="0.110" classname="com.sapient.qa.cats.core.selenium.testng.test.scenario.SCENARIOS_AMZDTP"/>
  <testcase name="AMZVerifyProductDetails5" time="48.947" classname="com.sapient.qa.cats.core.selenium.testng.test.scenario.SCENARIOS_AMZDTP"/>
  <testcase name="AMZAddToShoppingCart6" time="58.499" classname="com.sapient.qa.cats.core.selenium.testng.test.scenario.SCENARIOS_AMZDTP"/>
  <testcase name="AMZVerifyCart7" time="33.894" classname="com.sapient.qa.cats.core.selenium.testng.test.scenario.SCENARIOS_AMZDTP"/>
  <testcase name="AMZQuit8" time="0.890" classname="com.sapient.qa.cats.core.selenium.testng.test.scenario.SCENARIOS_AMZDTP"/>
</testsuite> <!-- com.sapient.qa.cats.core.selenium.testng.test.scenario.SCENARIOS_AMZDTP -->
