<?xml version="1.0" encoding="UTF-8"?>
<!-- Generated by org.testng.reporters.JUnitReportReporter -->
<testsuite skipped="0" hostname="WKWIN5161291" name="com.sapient.qa.cats.core.selenium.testng.test.scenario.SCENARIOS_5706723" tests="12" failures="0" timestamp="25 Sep 2018 14:09:23 GMT" time="1.826" errors="0">
  <testcase name="HomePageLaunch1" time="1.171" classname="com.sapient.qa.cats.core.selenium.testng.test.scenario.SCENARIOS_5706723"/>
  <testcase name="HomePageVerifyHamburgerAndClickHamburger2" time="0.050" classname="com.sapient.qa.cats.core.selenium.testng.test.scenario.SCENARIOS_5706723"/>
  <testcase name="HomePageExistingUser3" time="0.116" classname="com.sapient.qa.cats.core.selenium.testng.test.scenario.SCENARIOS_5706723"/>
  <testcase name="InternetOverviewPageAddValuePlanProduct4" time="0.039" classname="com.sapient.qa.cats.core.selenium.testng.test.scenario.SCENARIOS_5706723"/>
  <testcase name="CartProceedToCheckout5" time="0.027" classname="com.sapient.qa.cats.core.selenium.testng.test.scenario.SCENARIOS_5706723"/>
  <testcase name="CheckoutEnterContactDetails6" time="0.136" classname="com.sapient.qa.cats.core.selenium.testng.test.scenario.SCENARIOS_5706723"/>
  <testcase name="CheckoutSelectDefaultDwellingType7" time="0.026" classname="com.sapient.qa.cats.core.selenium.testng.test.scenario.SCENARIOS_5706723"/>
  <testcase name="CheckoutSelectProfessionalInstallation8" time="0.104" classname="com.sapient.qa.cats.core.selenium.testng.test.scenario.SCENARIOS_5706723"/>
  <testcase name="CheckoutSelectOptionalPreference9" time="0.048" classname="com.sapient.qa.cats.core.selenium.testng.test.scenario.SCENARIOS_5706723"/>
  <testcase name="CheckoutSelectOptionalPreference10" time="0.046" classname="com.sapient.qa.cats.core.selenium.testng.test.scenario.SCENARIOS_5706723"/>
  <testcase name="CheckoutRemoveOptionalPreference11" time="0.040" classname="com.sapient.qa.cats.core.selenium.testng.test.scenario.SCENARIOS_5706723"/>
  <testcase name="HomePageQuit12" time="0.023" classname="com.sapient.qa.cats.core.selenium.testng.test.scenario.SCENARIOS_5706723"/>
</testsuite> <!-- com.sapient.qa.cats.core.selenium.testng.test.scenario.SCENARIOS_5706723 -->
