<?xml version="1.0" encoding="UTF-8"?>
<!-- Generated by org.testng.reporters.JUnitReportReporter -->
<testsuite skipped="0" hostname="WKWIN5161291" name="com.sapient.qa.cats.core.selenium.testng.test.scenario.SCENARIOS_MLEN" tests="4" failures="0" timestamp="09 Aug 2018 14:02:43 GMT" time="36.925" errors="0">
  <testcase name="BALaunch1" time="25.726" classname="com.sapient.qa.cats.core.selenium.testng.test.scenario.SCENARIOS_MLEN"/>
  <testcase name="BAVerifyHeader2" time="0.741" classname="com.sapient.qa.cats.core.selenium.testng.test.scenario.SCENARIOS_MLEN"/>
  <testcase name="BAVerifyFooter3" time="0.691" classname="com.sapient.qa.cats.core.selenium.testng.test.scenario.SCENARIOS_MLEN"/>
  <testcase name="BAQuit4" time="9.767" classname="com.sapient.qa.cats.core.selenium.testng.test.scenario.SCENARIOS_MLEN"/>
</testsuite> <!-- com.sapient.qa.cats.core.selenium.testng.test.scenario.SCENARIOS_MLEN -->
