<?xml version="1.0" encoding="UTF-8"?>
<!-- Generated by org.testng.reporters.JUnitReportReporter -->
<testsuite skipped="0" hostname="WKWIN5161291" name="com.sapient.qa.cats.core.selenium.testng.test.scenario.SCENARIOS_USENSafariDesktop" tests="2" failures="0" timestamp="26 Sep 2018 06:46:16 GMT" time="19.488" errors="0">
  <testcase name="BSTUSENSAFARITC05_BST_TireListPage11" time="18.706" classname="com.sapient.qa.cats.core.selenium.testng.test.scenario.SCENARIOS_USENSafariDesktop"/>
  <testcase name="BSTUSENDESKTOPQuit2" time="0.782" classname="com.sapient.qa.cats.core.selenium.testng.test.scenario.SCENARIOS_USENSafariDesktop"/>
</testsuite> <!-- com.sapient.qa.cats.core.selenium.testng.test.scenario.SCENARIOS_USENSafariDesktop -->
