<?xml version="1.0" encoding="UTF-8"?>
<!-- Generated by org.testng.reporters.JUnitReportReporter -->
<testsuite skipped="0" hostname="WKWIN5161291" name="com.sapient.qa.cats.core.selenium.testng.test.scenario.SCENARIOS_GENERATED_3" tests="1" failures="0" timestamp="16 Oct 2018 09:48:16 GMT" time="1.142" errors="0">
  <testcase name="RESTPOSTAGTBAGTBPOSTSV1" time="1.142" classname="com.sapient.qa.cats.core.selenium.testng.test.scenario.SCENARIOS_GENERATED_3"/>
</testsuite> <!-- com.sapient.qa.cats.core.selenium.testng.test.scenario.SCENARIOS_GENERATED_3 -->
