<?xml version="1.0" encoding="UTF-8"?>
<!-- Generated by org.testng.reporters.JUnitReportReporter -->
<testsuite skipped="0" hostname="WKWIN9666763" name="com.sapient.qa.cats.core.selenium.testng.test.scenario.SCENARIOS_38" tests="7" failures="0" timestamp="11 Jan 2019 12:14:30 GMT" time="10.748" errors="0">
  <testcase name="COMMON_LaunchSite1" time="10.592" classname="com.sapient.qa.cats.core.selenium.testng.test.scenario.SCENARIOS_38"/>
  <testcase name="COMMON_CLOSEOVERLAY2" time="0.028" classname="com.sapient.qa.cats.core.selenium.testng.test.scenario.SCENARIOS_38"/>
  <testcase name="HEADER_ClickCoffeeLink3" time="0.033" classname="com.sapient.qa.cats.core.selenium.testng.test.scenario.SCENARIOS_38"/>
  <testcase name="PLP_ClickProduct4" time="0.021" classname="com.sapient.qa.cats.core.selenium.testng.test.scenario.SCENARIOS_38"/>
  <testcase name="PDP_VerifySingleMultiVariant5" time="0.018" classname="com.sapient.qa.cats.core.selenium.testng.test.scenario.SCENARIOS_38"/>
  <testcase name="PDP_VerifyATCAndATAD6" time="0.024" classname="com.sapient.qa.cats.core.selenium.testng.test.scenario.SCENARIOS_38"/>
  <testcase name="COMMON_CloseWindow7" time="0.032" classname="com.sapient.qa.cats.core.selenium.testng.test.scenario.SCENARIOS_38"/>
</testsuite> <!-- com.sapient.qa.cats.core.selenium.testng.test.scenario.SCENARIOS_38 -->
