<?xml version="1.0" encoding="UTF-8"?>
<!-- Generated by org.testng.reporters.JUnitReportReporter -->
<testsuite skipped="0" hostname="WKWIN5161291" name="com.sapient.qa.cats.core.selenium.testng.test.scenario.SCENARIOS_MLTestDataKey2" tests="5" failures="0" timestamp="09 Aug 2018 14:08:44 GMT" time="121.252" errors="0">
  <testcase name="BA2Launch1" time="37.964" classname="com.sapient.qa.cats.core.selenium.testng.test.scenario.SCENARIOS_MLTestDataKey2"/>
  <testcase name="BA2Launch2" time="27.458" classname="com.sapient.qa.cats.core.selenium.testng.test.scenario.SCENARIOS_MLTestDataKey2"/>
  <testcase name="BA2Launch3" time="24.630" classname="com.sapient.qa.cats.core.selenium.testng.test.scenario.SCENARIOS_MLTestDataKey2"/>
  <testcase name="BA2Launch4" time="30.389" classname="com.sapient.qa.cats.core.selenium.testng.test.scenario.SCENARIOS_MLTestDataKey2"/>
  <testcase name="BA2Quit5" time="0.811" classname="com.sapient.qa.cats.core.selenium.testng.test.scenario.SCENARIOS_MLTestDataKey2"/>
</testsuite> <!-- com.sapient.qa.cats.core.selenium.testng.test.scenario.SCENARIOS_MLTestDataKey2 -->
