<?xml version="1.0" encoding="UTF-8"?>
<!-- Generated by org.testng.reporters.JUnitReportReporter -->
<testsuite skipped="0" hostname="WKWIN9666763" name="com.sapient.qa.cats.core.selenium.testng.test.scenario.SCENARIOS_37" tests="6" failures="0" timestamp="11 Jan 2019 12:14:30 GMT" time="3.470" errors="0">
  <testcase name="COMMON_LaunchSite1" time="3.287" classname="com.sapient.qa.cats.core.selenium.testng.test.scenario.SCENARIOS_37"/>
  <testcase name="COMMON_CLOSEOVERLAY2" time="0.053" classname="com.sapient.qa.cats.core.selenium.testng.test.scenario.SCENARIOS_37"/>
  <testcase name="HEADER_ClickCoffeeLink3" time="0.049" classname="com.sapient.qa.cats.core.selenium.testng.test.scenario.SCENARIOS_37"/>
  <testcase name="PLP_ApplyFilterCoffee4" time="0.034" classname="com.sapient.qa.cats.core.selenium.testng.test.scenario.SCENARIOS_37"/>
  <testcase name="PLP_RemoveFilter5" time="0.015" classname="com.sapient.qa.cats.core.selenium.testng.test.scenario.SCENARIOS_37"/>
  <testcase name="COMMON_CloseWindow6" time="0.032" classname="com.sapient.qa.cats.core.selenium.testng.test.scenario.SCENARIOS_37"/>
</testsuite> <!-- com.sapient.qa.cats.core.selenium.testng.test.scenario.SCENARIOS_37 -->
