<?xml version="1.0" encoding="UTF-8"?>
<!-- Generated by org.testng.reporters.JUnitReportReporter -->
<testsuite skipped="0" hostname="WKWIN9666763" name="com.sapient.qa.cats.core.selenium.testng.test.scenario.SCENARIOS_33" tests="4" failures="0" timestamp="11 Jan 2019 12:14:30 GMT" time="7.562" errors="0">
  <testcase name="COMMON_LaunchSite1" time="7.493" classname="com.sapient.qa.cats.core.selenium.testng.test.scenario.SCENARIOS_33"/>
  <testcase name="COMMON_CLOSEOVERLAY2" time="0.031" classname="com.sapient.qa.cats.core.selenium.testng.test.scenario.SCENARIOS_33"/>
  <testcase name="COMMON_VerifyMenuBar3" time="0.022" classname="com.sapient.qa.cats.core.selenium.testng.test.scenario.SCENARIOS_33"/>
  <testcase name="COMMON_CloseWindow4" time="0.016" classname="com.sapient.qa.cats.core.selenium.testng.test.scenario.SCENARIOS_33"/>
</testsuite> <!-- com.sapient.qa.cats.core.selenium.testng.test.scenario.SCENARIOS_33 -->
