<?xml version="1.0" encoding="UTF-8"?>
<!-- Generated by org.testng.reporters.JUnitReportReporter -->
<testsuite skipped="0" hostname="WKWIN5161291" name="com.sapient.qa.cats.core.selenium.testng.test.scenario.SCENARIOS_EmailTest" tests="1" failures="0" timestamp="10 Oct 2018 09:29:03 GMT" time="7.677" errors="0">
  <testcase name="EmailTestLaunchGoogle1" time="7.677" classname="com.sapient.qa.cats.core.selenium.testng.test.scenario.SCENARIOS_EmailTest"/>
</testsuite> <!-- com.sapient.qa.cats.core.selenium.testng.test.scenario.SCENARIOS_EmailTest -->
