<?xml version="1.0" encoding="UTF-8"?>
<!-- Generated by org.testng.reporters.JUnitReportReporter -->
<testsuite skipped="0" hostname="WKWIN5161291" name="com.sapient.qa.cats.core.selenium.testng.test.scenario.SCENARIOS_BrandRequest" tests="1" failures="0" timestamp="30 Nov 2018 06:34:21 GMT" time="60.707" errors="0">
  <testcase name="BRANDREQUEST_VerifyTMLARequest1" time="60.707" classname="com.sapient.qa.cats.core.selenium.testng.test.scenario.SCENARIOS_BrandRequest"/>
</testsuite> <!-- com.sapient.qa.cats.core.selenium.testng.test.scenario.SCENARIOS_BrandRequest -->
