<?xml version="1.0" encoding="UTF-8"?>
<!-- Generated by org.testng.reporters.JUnitReportReporter -->
<testsuite skipped="0" hostname="WKWIN9666763" name="com.sapient.qa.cats.core.selenium.testng.test.scenario.SCENARIOS_31" tests="4" failures="0" timestamp="11 Jan 2019 12:14:30 GMT" time="58.751" errors="0">
  <testcase name="COMMON_LaunchSite1" time="49.921" classname="com.sapient.qa.cats.core.selenium.testng.test.scenario.SCENARIOS_31"/>
  <testcase name="COMMON_CLOSEOVERLAY2" time="7.466" classname="com.sapient.qa.cats.core.selenium.testng.test.scenario.SCENARIOS_31"/>
  <testcase name="HEADER_VerifyHeaders3" time="0.200" classname="com.sapient.qa.cats.core.selenium.testng.test.scenario.SCENARIOS_31"/>
  <testcase name="COMMON_CloseWindow4" time="1.164" classname="com.sapient.qa.cats.core.selenium.testng.test.scenario.SCENARIOS_31"/>
</testsuite> <!-- com.sapient.qa.cats.core.selenium.testng.test.scenario.SCENARIOS_31 -->
