<?xml version="1.0" encoding="UTF-8"?>
<!-- Generated by org.testng.reporters.JUnitReportReporter -->
<testsuite skipped="8" hostname="WKWIN5161291" name="com.sapient.qa.cats.core.selenium.bdd.runner.SimpleCATSBDD" tests="9" failures="0" timestamp="11 Sep 2018 06:02:24 GMT" time="32.886" errors="0">
  <testcase name="executeScenario" time="0.098" classname="com.sapient.qa.cats.core.selenium.bdd.runner.SimpleCATSBDD">
    <skipped/>
  </testcase> <!-- executeScenario -->
  <testcase name="executeScenario" time="0.273" classname="com.sapient.qa.cats.core.selenium.bdd.runner.SimpleCATSBDD">
    <skipped/>
  </testcase> <!-- executeScenario -->
  <testcase name="executeScenario" time="0.100" classname="com.sapient.qa.cats.core.selenium.bdd.runner.SimpleCATSBDD">
    <skipped/>
  </testcase> <!-- executeScenario -->
  <testcase name="executeScenario" time="0.084" classname="com.sapient.qa.cats.core.selenium.bdd.runner.SimpleCATSBDD">
    <skipped/>
  </testcase> <!-- executeScenario -->
  <testcase name="executeScenario" time="0.100" classname="com.sapient.qa.cats.core.selenium.bdd.runner.SimpleCATSBDD">
    <skipped/>
  </testcase> <!-- executeScenario -->
  <testcase name="executeScenario" time="0.112" classname="com.sapient.qa.cats.core.selenium.bdd.runner.SimpleCATSBDD">
    <skipped/>
  </testcase> <!-- executeScenario -->
  <testcase name="executeScenario" time="0.100" classname="com.sapient.qa.cats.core.selenium.bdd.runner.SimpleCATSBDD">
    <skipped/>
  </testcase> <!-- executeScenario -->
  <testcase name="executeScenario" time="31.914" classname="com.sapient.qa.cats.core.selenium.bdd.runner.SimpleCATSBDD"/>
  <testcase name="executeScenario" time="0.105" classname="com.sapient.qa.cats.core.selenium.bdd.runner.SimpleCATSBDD">
    <skipped/>
  </testcase> <!-- executeScenario -->
</testsuite> <!-- com.sapient.qa.cats.core.selenium.bdd.runner.SimpleCATSBDD -->
