<?xml version="1.0" encoding="UTF-8"?>
<!-- Generated by org.testng.reporters.JUnitReportReporter -->
<testsuite skipped="0" hostname="WKWIN5161291" name="com.sapient.qa.cats.core.selenium.testng.test.scenario.SCENARIOS_MLDE" tests="4" failures="0" timestamp="09 Aug 2018 14:02:43 GMT" time="43.654" errors="0">
  <testcase name="BALaunch1" time="26.452" classname="com.sapient.qa.cats.core.selenium.testng.test.scenario.SCENARIOS_MLDE"/>
  <testcase name="BAVerifyHeader2" time="3.387" classname="com.sapient.qa.cats.core.selenium.testng.test.scenario.SCENARIOS_MLDE"/>
  <testcase name="BAVerifyFooter3" time="4.066" classname="com.sapient.qa.cats.core.selenium.testng.test.scenario.SCENARIOS_MLDE"/>
  <testcase name="BAQuit4" time="9.749" classname="com.sapient.qa.cats.core.selenium.testng.test.scenario.SCENARIOS_MLDE"/>
</testsuite> <!-- com.sapient.qa.cats.core.selenium.testng.test.scenario.SCENARIOS_MLDE -->
