<?xml version="1.0" encoding="UTF-8"?>
<!-- Generated by org.testng.reporters.JUnitReportReporter -->
<testsuite skipped="0" hostname="WKWIN5161291" name="com.sapient.qa.cats.core.selenium.testng.test.scenario.SCENARIOS_Axeus" tests="1" failures="0" timestamp="05 Sep 2018 14:23:01 GMT" time="15.217" errors="0">
  <testcase name="AXEUSHomepage1" time="15.217" classname="com.sapient.qa.cats.core.selenium.testng.test.scenario.SCENARIOS_Axeus"/>
</testsuite> <!-- com.sapient.qa.cats.core.selenium.testng.test.scenario.SCENARIOS_Axeus -->
